<?xml version="1.0" encoding="UTF-8"?>
<!-- Generated by org.testng.reporters.JUnitReportReporter -->
<testsuite hostname="MacBook-Air.local" failures="0" tests="2" name="com.crm.qa.testcases.CreateNewContactTest" time="62.398" errors="0" timestamp="2023-07-13T14:33:15 IST" skipped="0">
  <testcase classname="com.crm.qa.testcases.CreateNewContactTest" name="createUser" time="31.778"/>
  <system-out/>
  <testcase classname="com.crm.qa.testcases.CreateNewContactTest" name="createUser" time="30.620"/>
  <system-out/>
</testsuite> <!-- com.crm.qa.testcases.CreateNewContactTest -->
