<?xml version="1.0" encoding="UTF-8"?>
<!-- Generated by org.testng.reporters.JUnitReportReporter -->
<testsuite hostname="MacBook-Air.local" failures="0" tests="2" name="com.crm.qa.testcases.HomePageTest" time="19.206" errors="0" timestamp="2023-07-13T17:38:08 IST" skipped="0">
  <testcase classname="com.crm.qa.testcases.HomePageTest" name="clickOnContacts" time="9.592"/>
  <system-out/>
  <testcase classname="com.crm.qa.testcases.HomePageTest" name="verifyHomePage" time="9.614"/>
  <system-out/>
</testsuite> <!-- com.crm.qa.testcases.HomePageTest -->
