<?xml version="1.0" encoding="UTF-8"?>
<!-- Generated by org.testng.reporters.JUnitReportReporter -->
<testsuite hostname="MacBook-Air.local" failures="0" tests="2" name="com.crm.qa.testcases.ContactPageTest" time="21.964" errors="0" timestamp="2023-07-13T17:38:08 IST" skipped="0">
  <testcase classname="com.crm.qa.testcases.ContactPageTest" name="verifyContactPage" time="9.362"/>
  <system-out/>
  <testcase classname="com.crm.qa.testcases.ContactPageTest" name="verifySelectContact" time="12.602"/>
  <system-out/>
</testsuite> <!-- com.crm.qa.testcases.ContactPageTest -->
