<?xml version="1.0" encoding="UTF-8"?>
<!-- Generated by org.testng.reporters.JUnitReportReporter -->
<testsuite hostname="MacBook-Air.local" failures="0" tests="3" name="com.crm.qa.testcases.CreateNewContactTest" time="95.940" errors="0" timestamp="2023-07-13T17:38:08 IST" skipped="0">
  <testcase classname="com.crm.qa.testcases.CreateNewContactTest" name="createUser" time="32.318"/>
  <system-out/>
  <testcase classname="com.crm.qa.testcases.CreateNewContactTest" name="createContact" time="32.178"/>
  <system-out/>
  <testcase classname="com.crm.qa.testcases.CreateNewContactTest" name="createUser" time="31.444"/>
  <system-out/>
</testsuite> <!-- com.crm.qa.testcases.CreateNewContactTest -->
